2025-06-16 12:51:18,937 - __main__ - ERROR - Failed to setup Chrome driver: Message: Unable to obtain driver for chrome; For documentation on this error, please visit: https://www.selenium.dev/documentation/webdriver/troubleshooting/errors/driver_location

2025-06-16 12:51:18,938 - __main__ - ERROR - Fatal error: Failed to setup Chrome driver: Message: Unable to obtain driver for chrome; For documentation on this error, please visit: https://www.selenium.dev/documentation/webdriver/troubleshooting/errors/driver_location

2025-06-16 12:54:21,634 - __main__ - ERROR - Failed to setup Chrome driver: ChromeDriver not found at: ./drivers/chromedriver.exe
2025-06-16 12:54:21,635 - __main__ - ERROR - Fatal error: Failed to setup Chrome driver: ChromeDriver not found at: ./drivers/chromedriver.exe
2025-06-16 13:07:41,106 - ERROR - Failed to setup Chrome driver: Message: Unable to obtain driver for chrome; For documentation on this error, please visit: https://www.selenium.dev/documentation/webdriver/troubleshooting/errors/driver_location

2025-06-16 13:07:41,107 - ERROR - Fatal error: Message: Unable to obtain driver for chrome; For documentation on this error, please visit: https://www.selenium.dev/documentation/webdriver/troubleshooting/errors/driver_location

2025-06-16 13:15:40,578 - INFO - Chrome driver setup successful
2025-06-16 13:15:40,578 - INFO - Starting SLCM CGPA Scraper...
2025-06-16 13:15:51,282 - ERROR - Login form element not found: Message: no such element: Unable to locate element: {"method":"css selector","selector":"[id="txtUserName"]"}
  (Session info: chrome=137.0.7151.104); For documentation on this error, please visit: https://www.selenium.dev/documentation/webdriver/troubleshooting/errors#no-such-element-exception
Stacktrace:
	GetHandleVerifier [0x0x7ff69501fe75+79173]
	GetHandleVerifier [0x0x7ff69501fed0+79264]
	(No symbol) [0x0x7ff694dd9e5a]
	(No symbol) [0x0x7ff694e30586]
	(No symbol) [0x0x7ff694e3083c]
	(No symbol) [0x0x7ff694e84247]
	(No symbol) [0x0x7ff694e589af]
	(No symbol) [0x0x7ff694e8100d]
	(No symbol) [0x0x7ff694e58743]
	(No symbol) [0x0x7ff694e214c1]
	(No symbol) [0x0x7ff694e22253]
	GetHandleVerifier [0x0x7ff6952ea2ad+3004797]
	GetHandleVerifier [0x0x7ff6952e46fd+2981325]
	GetHandleVerifier [0x0x7ff695303350+3107360]
	GetHandleVerifier [0x0x7ff69503a9fe+188622]
	GetHandleVerifier [0x0x7ff69504228f+219487]
	GetHandleVerifier [0x0x7ff695028dc4+115860]
	GetHandleVerifier [0x0x7ff695028f79+116297]
	GetHandleVerifier [0x0x7ff69500f528+11256]
	BaseThreadInitThunk [0x0x7ffbbec3257d+29]
	RtlUserThreadStart [0x0x7ffbbf78aa48+40]

2025-06-16 13:16:03,476 - ERROR - Login form element not found: Message: no such element: Unable to locate element: {"method":"css selector","selector":"[id="txtUserName"]"}
  (Session info: chrome=137.0.7151.104); For documentation on this error, please visit: https://www.selenium.dev/documentation/webdriver/troubleshooting/errors#no-such-element-exception
Stacktrace:
	GetHandleVerifier [0x0x7ff69501fe75+79173]
	GetHandleVerifier [0x0x7ff69501fed0+79264]
	(No symbol) [0x0x7ff694dd9e5a]
	(No symbol) [0x0x7ff694e30586]
	(No symbol) [0x0x7ff694e3083c]
	(No symbol) [0x0x7ff694e84247]
	(No symbol) [0x0x7ff694e589af]
	(No symbol) [0x0x7ff694e8100d]
	(No symbol) [0x0x7ff694e58743]
	(No symbol) [0x0x7ff694e214c1]
	(No symbol) [0x0x7ff694e22253]
	GetHandleVerifier [0x0x7ff6952ea2ad+3004797]
	GetHandleVerifier [0x0x7ff6952e46fd+2981325]
	GetHandleVerifier [0x0x7ff695303350+3107360]
	GetHandleVerifier [0x0x7ff69503a9fe+188622]
	GetHandleVerifier [0x0x7ff69504228f+219487]
	GetHandleVerifier [0x0x7ff695028dc4+115860]
	GetHandleVerifier [0x0x7ff695028f79+116297]
	GetHandleVerifier [0x0x7ff69500f528+11256]
	BaseThreadInitThunk [0x0x7ffbbec3257d+29]
	RtlUserThreadStart [0x0x7ffbbf78aa48+40]

2025-06-16 13:16:03,478 - ERROR - Login form element not found: Message: no such element: Unable to locate element: {"method":"css selector","selector":"[id="txtUserName"]"}
  (Session info: chrome=137.0.7151.104); For documentation on this error, please visit: https://www.selenium.dev/documentation/webdriver/troubleshooting/errors#no-such-element-exception
Stacktrace:
	GetHandleVerifier [0x0x7ff69501fe75+79173]
	GetHandleVerifier [0x0x7ff69501fed0+79264]
	(No symbol) [0x0x7ff694dd9e5a]
	(No symbol) [0x0x7ff694e30586]
	(No symbol) [0x0x7ff694e3083c]
	(No symbol) [0x0x7ff694e84247]
	(No symbol) [0x0x7ff694e589af]
	(No symbol) [0x0x7ff694e8100d]
	(No symbol) [0x0x7ff694e58743]
	(No symbol) [0x0x7ff694e214c1]
	(No symbol) [0x0x7ff694e22253]
	GetHandleVerifier [0x0x7ff6952ea2ad+3004797]
	GetHandleVerifier [0x0x7ff6952e46fd+2981325]
	GetHandleVerifier [0x0x7ff695303350+3107360]
	GetHandleVerifier [0x0x7ff69503a9fe+188622]
	GetHandleVerifier [0x0x7ff69504228f+219487]
	GetHandleVerifier [0x0x7ff695028dc4+115860]
	GetHandleVerifier [0x0x7ff695028f79+116297]
	GetHandleVerifier [0x0x7ff69500f528+11256]
	BaseThreadInitThunk [0x0x7ffbbec3257d+29]
	RtlUserThreadStart [0x0x7ffbbf78aa48+40]

2025-06-16 13:17:14,851 - INFO - Chrome driver setup successful
2025-06-16 13:17:14,851 - INFO - Starting SLCM CGPA Scraper...
2025-06-16 13:26:26,521 - INFO - Chrome driver setup successful
2025-06-16 13:26:26,522 - INFO - Starting SLCM CGPA Scraper...
2025-06-16 13:26:26,522 - INFO - Accessing login page: https://slcm.manipal.edu/loginForm.aspx
2025-06-16 13:26:27,087 - INFO - Navigated to https://slcm.manipal.edu/loginForm.aspx
2025-06-16 13:26:30,087 - INFO - Attempting to login...
2025-06-16 13:26:32,348 - ERROR - Could not find username field
2025-06-16 13:26:32,348 - ERROR - Login form element not found: Message: Could not find username field; For documentation on this error, please visit: https://www.selenium.dev/documentation/webdriver/troubleshooting/errors#no-such-element-exception

2025-06-16 13:26:34,349 - INFO - Attempting to login...
2025-06-16 13:26:34,354 - ERROR - Could not find username field
2025-06-16 13:26:34,354 - ERROR - Login form element not found: Message: Could not find username field; For documentation on this error, please visit: https://www.selenium.dev/documentation/webdriver/troubleshooting/errors#no-such-element-exception

2025-06-16 13:26:36,355 - INFO - Attempting to login...
2025-06-16 13:26:36,360 - ERROR - Could not find username field
2025-06-16 13:26:36,361 - ERROR - Login form element not found: Message: Could not find username field; For documentation on this error, please visit: https://www.selenium.dev/documentation/webdriver/troubleshooting/errors#no-such-element-exception

2025-06-16 13:26:36,361 - ERROR - Login form element not found: Message: Could not find username field; For documentation on this error, please visit: https://www.selenium.dev/documentation/webdriver/troubleshooting/errors#no-such-element-exception

2025-06-16 13:37:43,695 - INFO - Chrome driver setup successful
2025-06-16 13:37:43,695 - INFO - Starting SLCM CGPA Scraper...
2025-06-16 13:37:47,480 - INFO - Attempting to login...
2025-06-16 13:38:01,632 - ERROR - Login form element not found: Message: Could not find username field with any selector; For documentation on this error, please visit: https://www.selenium.dev/documentation/webdriver/troubleshooting/errors#no-such-element-exception

2025-06-16 13:38:03,634 - INFO - Attempting to login...
2025-06-16 13:38:08,637 - ERROR - Login error: Message: invalid session id
Stacktrace:
	GetHandleVerifier [0x0x7ff69501fe75+79173]
	GetHandleVerifier [0x0x7ff69501fed0+79264]
	(No symbol) [0x0x7ff694dd9c8c]
	(No symbol) [0x0x7ff694e205ef]
	(No symbol) [0x0x7ff694e58832]
	(No symbol) [0x0x7ff694e53233]
	(No symbol) [0x0x7ff694e522f9]
	(No symbol) [0x0x7ff694da5fc5]
	GetHandleVerifier [0x0x7ff6952ea2ad+3004797]
	GetHandleVerifier [0x0x7ff6952e46fd+2981325]
	GetHandleVerifier [0x0x7ff695303350+3107360]
	GetHandleVerifier [0x0x7ff69503a9fe+188622]
	GetHandleVerifier [0x0x7ff69504228f+219487]
	(No symbol) [0x0x7ff694da5036]
	GetHandleVerifier [0x0x7ff695403c48+4158232]
	BaseThreadInitThunk [0x0x7ffbbec3257d+29]
	RtlUserThreadStart [0x0x7ffbbf78aa48+40]

2025-06-16 13:38:10,640 - INFO - Attempting to login...
2025-06-16 13:38:15,643 - ERROR - Login error: Message: invalid session id
Stacktrace:
	GetHandleVerifier [0x0x7ff69501fe75+79173]
	GetHandleVerifier [0x0x7ff69501fed0+79264]
	(No symbol) [0x0x7ff694dd9c8c]
	(No symbol) [0x0x7ff694e205ef]
	(No symbol) [0x0x7ff694e58832]
	(No symbol) [0x0x7ff694e53233]
	(No symbol) [0x0x7ff694e522f9]
	(No symbol) [0x0x7ff694da5fc5]
	GetHandleVerifier [0x0x7ff6952ea2ad+3004797]
	GetHandleVerifier [0x0x7ff6952e46fd+2981325]
	GetHandleVerifier [0x0x7ff695303350+3107360]
	GetHandleVerifier [0x0x7ff69503a9fe+188622]
	GetHandleVerifier [0x0x7ff69504228f+219487]
	(No symbol) [0x0x7ff694da5036]
	GetHandleVerifier [0x0x7ff695403c48+4158232]
	BaseThreadInitThunk [0x0x7ffbbec3257d+29]
	RtlUserThreadStart [0x0x7ffbbf78aa48+40]

2025-06-16 13:38:15,646 - ERROR - Scraper error: Login error: Message: invalid session id
Stacktrace:
	GetHandleVerifier [0x0x7ff69501fe75+79173]
	GetHandleVerifier [0x0x7ff69501fed0+79264]
	(No symbol) [0x0x7ff694dd9c8c]
	(No symbol) [0x0x7ff694e205ef]
	(No symbol) [0x0x7ff694e58832]
	(No symbol) [0x0x7ff694e53233]
	(No symbol) [0x0x7ff694e522f9]
	(No symbol) [0x0x7ff694da5fc5]
	GetHandleVerifier [0x0x7ff6952ea2ad+3004797]
	GetHandleVerifier [0x0x7ff6952e46fd+2981325]
	GetHandleVerifier [0x0x7ff695303350+3107360]
	GetHandleVerifier [0x0x7ff69503a9fe+188622]
	GetHandleVerifier [0x0x7ff69504228f+219487]
	(No symbol) [0x0x7ff694da5036]
	GetHandleVerifier [0x0x7ff695403c48+4158232]
	BaseThreadInitThunk [0x0x7ffbbec3257d+29]
	RtlUserThreadStart [0x0x7ffbbf78aa48+40]

2025-06-16 14:21:30,020 - INFO - Chrome driver setup successful
2025-06-16 14:21:30,021 - INFO - Starting SLCM CGPA Scraper...
2025-06-16 14:21:33,800 - INFO - Attempting to login...
2025-06-16 14:21:38,803 - ERROR - Login error: Message: invalid session id: session deleted as the browser has closed the connection
from disconnected: not connected to DevTools
  (Session info: chrome=137.0.7151.104)
Stacktrace:
	GetHandleVerifier [0x0x7ff71177fe75+79173]
	GetHandleVerifier [0x0x7ff71177fed0+79264]
	(No symbol) [0x0x7ff711539e5a]
	(No symbol) [0x0x7ff711525c25]
	(No symbol) [0x0x7ff71154ac44]
	(No symbol) [0x0x7ff7115c03c5]
	(No symbol) [0x0x7ff7115e0922]
	(No symbol) [0x0x7ff7115b8743]
	(No symbol) [0x0x7ff7115814c1]
	(No symbol) [0x0x7ff711582253]
	GetHandleVerifier [0x0x7ff711a4a2ad+3004797]
	GetHandleVerifier [0x0x7ff711a446fd+2981325]
	GetHandleVerifier [0x0x7ff711a63350+3107360]
	GetHandleVerifier [0x0x7ff71179a9fe+188622]
	GetHandleVerifier [0x0x7ff7117a228f+219487]
	GetHandleVerifier [0x0x7ff711788dc4+115860]
	GetHandleVerifier [0x0x7ff711788f79+116297]
	GetHandleVerifier [0x0x7ff71176f528+11256]
	BaseThreadInitThunk [0x0x7ffbbec3257d+29]
	RtlUserThreadStart [0x0x7ffbbf78aa48+40]

2025-06-16 14:21:40,806 - INFO - Attempting to login...
2025-06-16 14:21:45,809 - ERROR - Login error: Message: invalid session id
Stacktrace:
	GetHandleVerifier [0x0x7ff71177fe75+79173]
	GetHandleVerifier [0x0x7ff71177fed0+79264]
	(No symbol) [0x0x7ff711539c8c]
	(No symbol) [0x0x7ff7115805ef]
	(No symbol) [0x0x7ff7115b8832]
	(No symbol) [0x0x7ff7115b3233]
	(No symbol) [0x0x7ff7115b22f9]
	(No symbol) [0x0x7ff711505fc5]
	GetHandleVerifier [0x0x7ff711a4a2ad+3004797]
	GetHandleVerifier [0x0x7ff711a446fd+2981325]
	GetHandleVerifier [0x0x7ff711a63350+3107360]
	GetHandleVerifier [0x0x7ff71179a9fe+188622]
	GetHandleVerifier [0x0x7ff7117a228f+219487]
	(No symbol) [0x0x7ff711505036]
	GetHandleVerifier [0x0x7ff711b63c48+4158232]
	BaseThreadInitThunk [0x0x7ffbbec3257d+29]
	RtlUserThreadStart [0x0x7ffbbf78aa48+40]

2025-06-16 14:21:47,813 - INFO - Attempting to login...
2025-06-16 14:21:52,815 - ERROR - Login error: Message: invalid session id
Stacktrace:
	GetHandleVerifier [0x0x7ff71177fe75+79173]
	GetHandleVerifier [0x0x7ff71177fed0+79264]
	(No symbol) [0x0x7ff711539c8c]
	(No symbol) [0x0x7ff7115805ef]
	(No symbol) [0x0x7ff7115b8832]
	(No symbol) [0x0x7ff7115b3233]
	(No symbol) [0x0x7ff7115b22f9]
	(No symbol) [0x0x7ff711505fc5]
	GetHandleVerifier [0x0x7ff711a4a2ad+3004797]
	GetHandleVerifier [0x0x7ff711a446fd+2981325]
	GetHandleVerifier [0x0x7ff711a63350+3107360]
	GetHandleVerifier [0x0x7ff71179a9fe+188622]
	GetHandleVerifier [0x0x7ff7117a228f+219487]
	(No symbol) [0x0x7ff711505036]
	GetHandleVerifier [0x0x7ff711b63c48+4158232]
	BaseThreadInitThunk [0x0x7ffbbec3257d+29]
	RtlUserThreadStart [0x0x7ffbbf78aa48+40]

2025-06-16 14:21:52,818 - ERROR - Scraper error: Login error: Message: invalid session id
Stacktrace:
	GetHandleVerifier [0x0x7ff71177fe75+79173]
	GetHandleVerifier [0x0x7ff71177fed0+79264]
	(No symbol) [0x0x7ff711539c8c]
	(No symbol) [0x0x7ff7115805ef]
	(No symbol) [0x0x7ff7115b8832]
	(No symbol) [0x0x7ff7115b3233]
	(No symbol) [0x0x7ff7115b22f9]
	(No symbol) [0x0x7ff711505fc5]
	GetHandleVerifier [0x0x7ff711a4a2ad+3004797]
	GetHandleVerifier [0x0x7ff711a446fd+2981325]
	GetHandleVerifier [0x0x7ff711a63350+3107360]
	GetHandleVerifier [0x0x7ff71179a9fe+188622]
	GetHandleVerifier [0x0x7ff7117a228f+219487]
	(No symbol) [0x0x7ff711505036]
	GetHandleVerifier [0x0x7ff711b63c48+4158232]
	BaseThreadInitThunk [0x0x7ffbbec3257d+29]
	RtlUserThreadStart [0x0x7ffbbf78aa48+40]

2025-06-16 14:27:39,910 - INFO - Chrome driver setup successful
2025-06-16 14:27:39,912 - INFO - Starting SLCM CGPA Scraper...
2025-06-16 14:27:43,541 - INFO - Attempting to login...
2025-06-16 14:28:55,983 - ERROR - Login failed - check credentials
2025-06-16 14:28:55,984 - ERROR - Login error: Login failed - check credentials
2025-06-16 14:28:57,985 - INFO - Attempting to login...
2025-06-16 14:30:10,428 - ERROR - Login failed - check credentials
2025-06-16 14:30:10,429 - ERROR - Login error: Login failed - check credentials
2025-06-16 14:30:12,430 - INFO - Attempting to login...
2025-06-16 14:31:24,872 - ERROR - Login failed - check credentials
2025-06-16 14:31:24,873 - ERROR - Login error: Login failed - check credentials
2025-06-16 14:31:24,873 - ERROR - Scraper error: Login error: Login failed - check credentials
2025-06-17 00:53:42,926 - INFO - Enhanced Chrome driver setup successful
2025-06-17 00:53:42,928 - INFO - SLCM Scraper initialized successfully
2025-06-17 00:53:42,930 - INFO - Starting SLCM CGPA Scraper...
2025-06-17 00:53:49,546 - INFO - Starting automated login process (attempt 1/3)
2025-06-17 00:54:02,664 - ERROR - Login failed: Sorry! Invalid Captcha Code Please Try Agian
2025-06-17 00:54:02,665 - ERROR - Automated login error: Captcha verification failed: Sorry! Invalid Captcha Code Please Try Agian
2025-06-17 00:54:05,351 - INFO - Starting automated login process (attempt 2/3)
2025-06-17 00:54:25,841 - ERROR - Login failed: Sorry! Invalid Captcha Code Please Try Agian
2025-06-17 00:54:25,842 - ERROR - Automated login error: Captcha verification failed: Sorry! Invalid Captcha Code Please Try Agian
2025-06-17 00:54:28,581 - INFO - Starting automated login process (attempt 3/3)
2025-06-17 00:54:50,410 - ERROR - Login failed: Sorry! Invalid Captcha Code Please Try Agian
2025-06-17 00:54:50,411 - ERROR - Automated login error: Captcha verification failed: Sorry! Invalid Captcha Code Please Try Agian
2025-06-17 00:54:51,078 - ERROR - Scraper error: Automated login error: Captcha verification failed: Sorry! Invalid Captcha Code Please Try Agian
2025-06-17 00:54:53,993 - ERROR - Fatal scraper error: Automated login error: Captcha verification failed: Sorry! Invalid Captcha Code Please Try Agian
2025-06-17 00:54:58,079 - WARNING - Retrying (Retry(total=2, connect=None, read=None, redirect=None, status=None)) after connection broken by 'NewConnectionError('<urllib3.connection.HTTPConnection object at 0x00000240D1D6FED0>: Failed to establish a new connection: [WinError 10061] No connection could be made because the target machine actively refused it')': /session/236ccddab3ab0e013dd970b9d51afd8f
2025-06-17 00:55:02,159 - WARNING - Retrying (Retry(total=1, connect=None, read=None, redirect=None, status=None)) after connection broken by 'NewConnectionError('<urllib3.connection.HTTPConnection object at 0x00000240D1D6FD90>: Failed to establish a new connection: [WinError 10061] No connection could be made because the target machine actively refused it')': /session/236ccddab3ab0e013dd970b9d51afd8f
2025-06-17 00:55:06,239 - WARNING - Retrying (Retry(total=0, connect=None, read=None, redirect=None, status=None)) after connection broken by 'NewConnectionError('<urllib3.connection.HTTPConnection object at 0x00000240D1ED6FD0>: Failed to establish a new connection: [WinError 10061] No connection could be made because the target machine actively refused it')': /session/236ccddab3ab0e013dd970b9d51afd8f
2025-06-17 00:55:14,440 - WARNING - Retrying (Retry(total=2, connect=None, read=None, redirect=None, status=None)) after connection broken by 'NewConnectionError('<urllib3.connection.HTTPConnection object at 0x00000240D22B1910>: Failed to establish a new connection: [WinError 10061] No connection could be made because the target machine actively refused it')': /session/236ccddab3ab0e013dd970b9d51afd8f
2025-06-17 00:55:18,527 - WARNING - Retrying (Retry(total=1, connect=None, read=None, redirect=None, status=None)) after connection broken by 'NewConnectionError('<urllib3.connection.HTTPConnection object at 0x00000240D226E580>: Failed to establish a new connection: [WinError 10061] No connection could be made because the target machine actively refused it')': /session/236ccddab3ab0e013dd970b9d51afd8f
2025-06-17 00:55:22,646 - WARNING - Retrying (Retry(total=0, connect=None, read=None, redirect=None, status=None)) after connection broken by 'NewConnectionError('<urllib3.connection.HTTPConnection object at 0x00000240D226E8B0>: Failed to establish a new connection: [WinError 10061] No connection could be made because the target machine actively refused it')': /session/236ccddab3ab0e013dd970b9d51afd8f
2025-06-17 01:06:22,924 - INFO - Enhanced Chrome driver setup successful
2025-06-17 01:06:22,925 - INFO - SLCM Scraper initialized successfully
2025-06-17 01:06:22,927 - INFO - Starting SLCM CGPA Scraper with enhanced 3-digit captcha solving...
2025-06-17 01:06:29,878 - INFO - Starting automated login with 3-digit captcha (attempt 1/3)
2025-06-17 01:13:04,270 - INFO - Navigating to Academic Details...
2025-06-17 01:13:24,868 - ERROR - Navigation error: Message: 
Stacktrace:
	GetHandleVerifier [0x0x7ff75bdefe75+79173]
	GetHandleVerifier [0x0x7ff75bdefed0+79264]
	(No symbol) [0x0x7ff75bba9e5a]
	(No symbol) [0x0x7ff75bc00586]
	(No symbol) [0x0x7ff75bc0083c]
	(No symbol) [0x0x7ff75bc54247]
	(No symbol) [0x0x7ff75bc289af]
	(No symbol) [0x0x7ff75bc5100d]
	(No symbol) [0x0x7ff75bc28743]
	(No symbol) [0x0x7ff75bbf14c1]
	(No symbol) [0x0x7ff75bbf2253]
	GetHandleVerifier [0x0x7ff75c0ba2ad+3004797]
	GetHandleVerifier [0x0x7ff75c0b46fd+2981325]
	GetHandleVerifier [0x0x7ff75c0d3350+3107360]
	GetHandleVerifier [0x0x7ff75be0a9fe+188622]
	GetHandleVerifier [0x0x7ff75be1228f+219487]
	GetHandleVerifier [0x0x7ff75bdf8dc4+115860]
	GetHandleVerifier [0x0x7ff75bdf8f79+116297]
	GetHandleVerifier [0x0x7ff75bddf528+11256]
	BaseThreadInitThunk [0x0x7ffbbec3257d+29]
	RtlUserThreadStart [0x0x7ffbbf78aa48+40]

2025-06-17 01:13:25,477 - ERROR - Scraper error: Navigation to grade sheet failed: Message: 
Stacktrace:
	GetHandleVerifier [0x0x7ff75bdefe75+79173]
	GetHandleVerifier [0x0x7ff75bdefed0+79264]
	(No symbol) [0x0x7ff75bba9e5a]
	(No symbol) [0x0x7ff75bc00586]
	(No symbol) [0x0x7ff75bc0083c]
	(No symbol) [0x0x7ff75bc54247]
	(No symbol) [0x0x7ff75bc289af]
	(No symbol) [0x0x7ff75bc5100d]
	(No symbol) [0x0x7ff75bc28743]
	(No symbol) [0x0x7ff75bbf14c1]
	(No symbol) [0x0x7ff75bbf2253]
	GetHandleVerifier [0x0x7ff75c0ba2ad+3004797]
	GetHandleVerifier [0x0x7ff75c0b46fd+2981325]
	GetHandleVerifier [0x0x7ff75c0d3350+3107360]
	GetHandleVerifier [0x0x7ff75be0a9fe+188622]
	GetHandleVerifier [0x0x7ff75be1228f+219487]
	GetHandleVerifier [0x0x7ff75bdf8dc4+115860]
	GetHandleVerifier [0x0x7ff75bdf8f79+116297]
	GetHandleVerifier [0x0x7ff75bddf528+11256]
	BaseThreadInitThunk [0x0x7ffbbec3257d+29]
	RtlUserThreadStart [0x0x7ffbbf78aa48+40]

2025-06-17 01:13:28,453 - ERROR - Fatal scraper error: Navigation to grade sheet failed: Message: 
Stacktrace:
	GetHandleVerifier [0x0x7ff75bdefe75+79173]
	GetHandleVerifier [0x0x7ff75bdefed0+79264]
	(No symbol) [0x0x7ff75bba9e5a]
	(No symbol) [0x0x7ff75bc00586]
	(No symbol) [0x0x7ff75bc0083c]
	(No symbol) [0x0x7ff75bc54247]
	(No symbol) [0x0x7ff75bc289af]
	(No symbol) [0x0x7ff75bc5100d]
	(No symbol) [0x0x7ff75bc28743]
	(No symbol) [0x0x7ff75bbf14c1]
	(No symbol) [0x0x7ff75bbf2253]
	GetHandleVerifier [0x0x7ff75c0ba2ad+3004797]
	GetHandleVerifier [0x0x7ff75c0b46fd+2981325]
	GetHandleVerifier [0x0x7ff75c0d3350+3107360]
	GetHandleVerifier [0x0x7ff75be0a9fe+188622]
	GetHandleVerifier [0x0x7ff75be1228f+219487]
	GetHandleVerifier [0x0x7ff75bdf8dc4+115860]
	GetHandleVerifier [0x0x7ff75bdf8f79+116297]
	GetHandleVerifier [0x0x7ff75bddf528+11256]
	BaseThreadInitThunk [0x0x7ffbbec3257d+29]
	RtlUserThreadStart [0x0x7ffbbf78aa48+40]

2025-06-17 01:13:32,542 - WARNING - Retrying (Retry(total=2, connect=None, read=None, redirect=None, status=None)) after connection broken by 'NewConnectionError('<urllib3.connection.HTTPConnection object at 0x00000228B03B7C50>: Failed to establish a new connection: [WinError 10061] No connection could be made because the target machine actively refused it')': /session/cd0afa783c8ad91dad805c96f0a3bd5e
2025-06-17 01:13:36,610 - WARNING - Retrying (Retry(total=1, connect=None, read=None, redirect=None, status=None)) after connection broken by 'NewConnectionError('<urllib3.connection.HTTPConnection object at 0x00000228B08DDBD0>: Failed to establish a new connection: [WinError 10061] No connection could be made because the target machine actively refused it')': /session/cd0afa783c8ad91dad805c96f0a3bd5e
2025-06-17 01:13:40,684 - WARNING - Retrying (Retry(total=0, connect=None, read=None, redirect=None, status=None)) after connection broken by 'NewConnectionError('<urllib3.connection.HTTPConnection object at 0x00000228B0527100>: Failed to establish a new connection: [WinError 10061] No connection could be made because the target machine actively refused it')': /session/cd0afa783c8ad91dad805c96f0a3bd5e
2025-06-17 01:13:48,923 - WARNING - Retrying (Retry(total=2, connect=None, read=None, redirect=None, status=None)) after connection broken by 'NewConnectionError('<urllib3.connection.HTTPConnection object at 0x00000228B0925B50>: Failed to establish a new connection: [WinError 10061] No connection could be made because the target machine actively refused it')': /session/cd0afa783c8ad91dad805c96f0a3bd5e
2025-06-17 01:13:52,985 - WARNING - Retrying (Retry(total=1, connect=None, read=None, redirect=None, status=None)) after connection broken by 'NewConnectionError('<urllib3.connection.HTTPConnection object at 0x00000228B0547240>: Failed to establish a new connection: [WinError 10061] No connection could be made because the target machine actively refused it')': /session/cd0afa783c8ad91dad805c96f0a3bd5e
2025-06-17 01:13:57,052 - WARNING - Retrying (Retry(total=0, connect=None, read=None, redirect=None, status=None)) after connection broken by 'NewConnectionError('<urllib3.connection.HTTPConnection object at 0x00000228B0547570>: Failed to establish a new connection: [WinError 10061] No connection could be made because the target machine actively refused it')': /session/cd0afa783c8ad91dad805c96f0a3bd5e
2025-06-17 16:03:06,335 - INFO - Enhanced Chrome driver setup successful
2025-06-17 16:03:06,338 - INFO - SLCM Scraper initialized successfully
2025-06-17 16:03:06,340 - INFO - Starting SLCM CGPA Scraper with enhanced 3-digit captcha solving...
2025-06-17 16:03:13,023 - INFO - Starting automated login with 3-digit captcha (attempt 1/3)
2025-06-17 16:03:38,126 - INFO - Navigating to Academic Details...
2025-06-17 16:03:58,704 - ERROR - Navigation error: Message: 
Stacktrace:
	GetHandleVerifier [0x0x7ff66d02fe75+79173]
	GetHandleVerifier [0x0x7ff66d02fed0+79264]
	(No symbol) [0x0x7ff66cde9e5a]
	(No symbol) [0x0x7ff66ce40586]
	(No symbol) [0x0x7ff66ce4083c]
	(No symbol) [0x0x7ff66ce94247]
	(No symbol) [0x0x7ff66ce689af]
	(No symbol) [0x0x7ff66ce9100d]
	(No symbol) [0x0x7ff66ce68743]
	(No symbol) [0x0x7ff66ce314c1]
	(No symbol) [0x0x7ff66ce32253]
	GetHandleVerifier [0x0x7ff66d2fa2ad+3004797]
	GetHandleVerifier [0x0x7ff66d2f46fd+2981325]
	GetHandleVerifier [0x0x7ff66d313350+3107360]
	GetHandleVerifier [0x0x7ff66d04a9fe+188622]
	GetHandleVerifier [0x0x7ff66d05228f+219487]
	GetHandleVerifier [0x0x7ff66d038dc4+115860]
	GetHandleVerifier [0x0x7ff66d038f79+116297]
	GetHandleVerifier [0x0x7ff66d01f528+11256]
	BaseThreadInitThunk [0x0x7ffbbec3257d+29]
	RtlUserThreadStart [0x0x7ffbbf78aa48+40]

2025-06-17 16:03:59,354 - ERROR - Scraper error: Navigation to grade sheet failed: Message: 
Stacktrace:
	GetHandleVerifier [0x0x7ff66d02fe75+79173]
	GetHandleVerifier [0x0x7ff66d02fed0+79264]
	(No symbol) [0x0x7ff66cde9e5a]
	(No symbol) [0x0x7ff66ce40586]
	(No symbol) [0x0x7ff66ce4083c]
	(No symbol) [0x0x7ff66ce94247]
	(No symbol) [0x0x7ff66ce689af]
	(No symbol) [0x0x7ff66ce9100d]
	(No symbol) [0x0x7ff66ce68743]
	(No symbol) [0x0x7ff66ce314c1]
	(No symbol) [0x0x7ff66ce32253]
	GetHandleVerifier [0x0x7ff66d2fa2ad+3004797]
	GetHandleVerifier [0x0x7ff66d2f46fd+2981325]
	GetHandleVerifier [0x0x7ff66d313350+3107360]
	GetHandleVerifier [0x0x7ff66d04a9fe+188622]
	GetHandleVerifier [0x0x7ff66d05228f+219487]
	GetHandleVerifier [0x0x7ff66d038dc4+115860]
	GetHandleVerifier [0x0x7ff66d038f79+116297]
	GetHandleVerifier [0x0x7ff66d01f528+11256]
	BaseThreadInitThunk [0x0x7ffbbec3257d+29]
	RtlUserThreadStart [0x0x7ffbbf78aa48+40]

2025-06-17 16:04:02,204 - ERROR - Fatal scraper error: Navigation to grade sheet failed: Message: 
Stacktrace:
	GetHandleVerifier [0x0x7ff66d02fe75+79173]
	GetHandleVerifier [0x0x7ff66d02fed0+79264]
	(No symbol) [0x0x7ff66cde9e5a]
	(No symbol) [0x0x7ff66ce40586]
	(No symbol) [0x0x7ff66ce4083c]
	(No symbol) [0x0x7ff66ce94247]
	(No symbol) [0x0x7ff66ce689af]
	(No symbol) [0x0x7ff66ce9100d]
	(No symbol) [0x0x7ff66ce68743]
	(No symbol) [0x0x7ff66ce314c1]
	(No symbol) [0x0x7ff66ce32253]
	GetHandleVerifier [0x0x7ff66d2fa2ad+3004797]
	GetHandleVerifier [0x0x7ff66d2f46fd+2981325]
	GetHandleVerifier [0x0x7ff66d313350+3107360]
	GetHandleVerifier [0x0x7ff66d04a9fe+188622]
	GetHandleVerifier [0x0x7ff66d05228f+219487]
	GetHandleVerifier [0x0x7ff66d038dc4+115860]
	GetHandleVerifier [0x0x7ff66d038f79+116297]
	GetHandleVerifier [0x0x7ff66d01f528+11256]
	BaseThreadInitThunk [0x0x7ffbbec3257d+29]
	RtlUserThreadStart [0x0x7ffbbf78aa48+40]

2025-06-17 16:04:06,266 - WARNING - Retrying (Retry(total=2, connect=None, read=None, redirect=None, status=None)) after connection broken by 'NewConnectionError('<urllib3.connection.HTTPConnection object at 0x000001ACD2BB7C50>: Failed to establish a new connection: [WinError 10061] No connection could be made because the target machine actively refused it')': /session/aa4f6512deadfb0f402b60f51af9b1b4
2025-06-17 16:04:10,356 - WARNING - Retrying (Retry(total=1, connect=None, read=None, redirect=None, status=None)) after connection broken by 'NewConnectionError('<urllib3.connection.HTTPConnection object at 0x000001ACD30ADBD0>: Failed to establish a new connection: [WinError 10061] No connection could be made because the target machine actively refused it')': /session/aa4f6512deadfb0f402b60f51af9b1b4
2025-06-17 16:04:14,420 - WARNING - Retrying (Retry(total=0, connect=None, read=None, redirect=None, status=None)) after connection broken by 'NewConnectionError('<urllib3.connection.HTTPConnection object at 0x000001ACD2D27100>: Failed to establish a new connection: [WinError 10061] No connection could be made because the target machine actively refused it')': /session/aa4f6512deadfb0f402b60f51af9b1b4
2025-06-17 16:04:22,555 - WARNING - Retrying (Retry(total=2, connect=None, read=None, redirect=None, status=None)) after connection broken by 'NewConnectionError('<urllib3.connection.HTTPConnection object at 0x000001ACD30F5B50>: Failed to establish a new connection: [WinError 10061] No connection could be made because the target machine actively refused it')': /session/aa4f6512deadfb0f402b60f51af9b1b4
2025-06-17 16:04:26,636 - WARNING - Retrying (Retry(total=1, connect=None, read=None, redirect=None, status=None)) after connection broken by 'NewConnectionError('<urllib3.connection.HTTPConnection object at 0x000001ACD2D47240>: Failed to establish a new connection: [WinError 10061] No connection could be made because the target machine actively refused it')': /session/aa4f6512deadfb0f402b60f51af9b1b4
2025-06-17 16:04:30,699 - WARNING - Retrying (Retry(total=0, connect=None, read=None, redirect=None, status=None)) after connection broken by 'NewConnectionError('<urllib3.connection.HTTPConnection object at 0x000001ACD2D47570>: Failed to establish a new connection: [WinError 10061] No connection could be made because the target machine actively refused it')': /session/aa4f6512deadfb0f402b60f51af9b1b4
